wapet4/Library/Bee/Android/Prj/Mono2x/Gradle/unityLibrary/build/intermediates/manifest_merge_blame_file/debug/manifest-merger-blame-debug-report.txt
1<?xml version="1.0" encoding="utf-8"?>
2<manifest xmlns:android="http://schemas.android.com/apk/res/android"
3    xmlns:tools="http://schemas.android.com/tools"
4    package="com.unity3d.player"
5    android:versionCode="1"
6    android:versionName="1.0" >
7
8    <uses-sdk
9        android:minSdkVersion="24"
9-->src/main/AndroidManifest.xml
10        android:targetSdkVersion="30" />
10-->src/main/AndroidManifest.xml
11
12    <uses-feature android:glEsVersion="0x00030000" />
12-->src/main/AndroidManifest.xml:32:3-52
12-->src/main/AndroidManifest.xml:32:17-49
13
14    <uses-permission android:name="android.permission.INTERNET" />
14-->src/main/AndroidManifest.xml:33:3-65
14-->src/main/AndroidManifest.xml:33:20-62
15    <uses-permission android:name="android.permission.RECORD_AUDIO" />
15-->src/main/AndroidManifest.xml:34:3-69
15-->src/main/AndroidManifest.xml:34:20-66
16    <uses-permission android:name="android.permission.MODIFY_AUDIO_SETTINGS" />
16-->src/main/AndroidManifest.xml:35:3-78
16-->src/main/AndroidManifest.xml:35:20-75
17    <uses-permission android:name="android.permission.BLUETOOTH" />
17-->src/main/AndroidManifest.xml:36:3-66
17-->src/main/AndroidManifest.xml:36:20-63
18
19    <uses-feature
19-->src/main/AndroidManifest.xml:37:3-87
20        android:name="android.hardware.microphone"
20-->src/main/AndroidManifest.xml:37:17-59
21        android:required="false" />
21-->src/main/AndroidManifest.xml:37:60-84
22    <uses-feature
22-->src/main/AndroidManifest.xml:38:3-88
23        android:name="android.hardware.touchscreen"
23-->src/main/AndroidManifest.xml:38:17-60
24        android:required="false" />
24-->src/main/AndroidManifest.xml:38:61-85
25    <uses-feature
25-->src/main/AndroidManifest.xml:39:3-99
26        android:name="android.hardware.touchscreen.multitouch"
26-->src/main/AndroidManifest.xml:39:17-71
27        android:required="false" />
27-->src/main/AndroidManifest.xml:39:72-96
28    <uses-feature
28-->src/main/AndroidManifest.xml:40:3-108
29        android:name="android.hardware.touchscreen.multitouch.distinct"
29-->src/main/AndroidManifest.xml:40:17-80
30        android:required="false" />
30-->src/main/AndroidManifest.xml:40:81-105
31
32    <uses-permission android:name="android.permission.CAMERA" />
32-->src/main/AndroidManifest.xml:41:3-63
32-->src/main/AndroidManifest.xml:41:20-60
33
34    <uses-feature
34-->src/main/AndroidManifest.xml:42:3-85
35        android:name="android.hardware.camera.ar"
35-->src/main/AndroidManifest.xml:42:17-58
36        android:required="true" />
36-->src/main/AndroidManifest.xml:42:59-82
37    <uses-feature
37-->src/main/AndroidManifest.xml:43:3-83
38        android:name="com.google.ar.core.depth"
38-->src/main/AndroidManifest.xml:43:17-56
39        android:required="true" />
39-->src/main/AndroidManifest.xml:43:57-80
40
41    <application android:extractNativeLibs="true" >
41-->src/main/AndroidManifest.xml:3:3-31:17
41-->src/main/AndroidManifest.xml:3:16-48
42        <activity
42-->src/main/AndroidManifest.xml:4:5-17:16
43            android:name="com.unity3d.player.UnityPlayerActivity"
43-->src/main/AndroidManifest.xml:4:15-68
44            android:configChanges="mcc|mnc|locale|touchscreen|keyboard|keyboardHidden|navigation|orientation|screenLayout|uiMode|screenSize|smallestScreenSize|fontScale|layoutDirection|density"
44-->src/main/AndroidManifest.xml:4:180-361
45            android:hardwareAccelerated="false"
45-->src/main/AndroidManifest.xml:4:397-432
46            android:launchMode="singleTask"
46-->src/main/AndroidManifest.xml:4:148-179
47            android:resizeableActivity="false"
47-->src/main/AndroidManifest.xml:4:362-396
48            android:screenOrientation="fullUser"
48-->src/main/AndroidManifest.xml:4:111-147
49            android:theme="@style/UnityThemeSelector" >
49-->src/main/AndroidManifest.xml:4:69-110
50            <intent-filter>
50-->src/main/AndroidManifest.xml:5:7-8:23
51                <action android:name="android.intent.action.MAIN" />
51-->src/main/AndroidManifest.xml:6:9-61
51-->src/main/AndroidManifest.xml:6:17-58
52
53                <category android:name="android.intent.category.LAUNCHER" />
53-->src/main/AndroidManifest.xml:7:9-69
53-->src/main/AndroidManifest.xml:7:19-66
54            </intent-filter>
55
56            <meta-data
56-->src/main/AndroidManifest.xml:9:7-82
57                android:name="unityplayer.UnityActivity"
57-->src/main/AndroidManifest.xml:9:18-58
58                android:value="true" />
58-->src/main/AndroidManifest.xml:9:59-79
59            <meta-data
59-->src/main/AndroidManifest.xml:10:7-78
60                android:name="android.notch_support"
60-->src/main/AndroidManifest.xml:10:18-54
61                android:value="true" />
61-->src/main/AndroidManifest.xml:10:55-75
62
63            <intent-filter xmlns:android="http://schemas.android.com/apk/res/android" >
63-->src/main/AndroidManifest.xml:11:7-16:23
63-->src/main/AndroidManifest.xml:11:22-80
64                <action android:name="android.intent.action.VIEW" />
64-->src/main/AndroidManifest.xml:12:9-61
64-->src/main/AndroidManifest.xml:12:17-58
65
66                <category android:name="android.intent.category.DEFAULT" />
66-->src/main/AndroidManifest.xml:13:9-68
66-->src/main/AndroidManifest.xml:13:19-65
67                <category android:name="android.intent.category.BROWSABLE" />
67-->src/main/AndroidManifest.xml:14:9-70
67-->src/main/AndroidManifest.xml:14:19-67
68
69                <data
69-->src/main/AndroidManifest.xml:15:9-118
70                    android:host="com.unityplayeraccounts.b69a546d-c072-450a-8032-6f48b849301b"
70-->src/main/AndroidManifest.xml:15:40-115
71                    android:scheme="unitydl" />
71-->src/main/AndroidManifest.xml:15:15-39
72            </intent-filter>
73        </activity>
74
75        <meta-data
75-->src/main/AndroidManifest.xml:18:5-69
76            android:name="unity.splash-mode"
76-->src/main/AndroidManifest.xml:18:16-48
77            android:value="0" />
77-->src/main/AndroidManifest.xml:18:49-66
78        <meta-data
78-->src/main/AndroidManifest.xml:19:5-74
79            android:name="unity.splash-enable"
79-->src/main/AndroidManifest.xml:19:16-50
80            android:value="True" />
80-->src/main/AndroidManifest.xml:19:51-71
81        <meta-data
81-->src/main/AndroidManifest.xml:20:5-78
82            android:name="unity.launch-fullscreen"
82-->src/main/AndroidManifest.xml:20:16-54
83            android:value="True" />
83-->src/main/AndroidManifest.xml:20:55-75
84        <meta-data
84-->src/main/AndroidManifest.xml:21:5-84
85            android:name="unity.allow-resizable-window"
85-->src/main/AndroidManifest.xml:21:16-59
86            android:value="False" />
86-->src/main/AndroidManifest.xml:21:60-81
87        <meta-data
87-->src/main/AndroidManifest.xml:22:5-81
88            android:name="notch.config"
88-->src/main/AndroidManifest.xml:22:16-43
89            android:value="portrait|landscape" />
89-->src/main/AndroidManifest.xml:22:44-78
90
91        <receiver
91-->src/main/AndroidManifest.xml:23:5-113
92            android:name="com.unity.androidnotifications.UnityNotificationManager"
92-->src/main/AndroidManifest.xml:23:15-85
93            android:exported="false" />
93-->src/main/AndroidManifest.xml:23:86-110
94        <receiver
94-->src/main/AndroidManifest.xml:24:5-28:16
95            android:name="com.unity.androidnotifications.UnityNotificationRestartOnBootReceiver"
95-->src/main/AndroidManifest.xml:24:15-99
96            android:enabled="false"
96-->src/main/AndroidManifest.xml:24:100-123
97            android:exported="false" >
97-->src/main/AndroidManifest.xml:24:124-148
98            <intent-filter>
98-->src/main/AndroidManifest.xml:25:7-27:23
99                <action android:name="android.intent.action.BOOT_COMPLETED" />
99-->src/main/AndroidManifest.xml:26:9-71
99-->src/main/AndroidManifest.xml:26:17-68
100            </intent-filter>
101        </receiver>
102
103        <meta-data
103-->src/main/AndroidManifest.xml:29:5-88
104            android:name="unityplayer.SkipPermissionsDialog"
104-->src/main/AndroidManifest.xml:29:16-64
105            android:value="true" />
105-->src/main/AndroidManifest.xml:29:65-85
106        <meta-data
106-->src/main/AndroidManifest.xml:30:5-77
107            android:name="com.google.ar.core"
107-->src/main/AndroidManifest.xml:30:16-49
108            android:value="required" />
108-->src/main/AndroidManifest.xml:30:50-74
109    </application>
110
111</manifest>